Using pre-set license
Built from '2021.1/staging' branch; Version is '2021.1.15f1 (e767a7370072) revision 15165351'; Using compiler version '192528614'; Build Type 'Release'
OS: 'Windows 10 Pro; OS build 19044.3086; Version 2009; 64bit' Language: 'en' Physical Memory: 16332 MB
BatchMode: 1, IsHumanControllingUs: 0, StartBugReporterOnCrash: 0, Is64bit: 1, IsPro: 0

 COMMAND LINE ARGUMENTS:
C:\Program Files\Unity 2021.1.15f1\Editor\Unity.exe
-adb2
-batchMode
-noUpm
-name
AssetImportWorker0
-projectPath
D:/GameDev/Projects/Unity-GameDev-Prototyping/3D 3rd Person Movement
-logFile
Logs/AssetImportWorker0.log
-srvPort
50766
Successfully changed project path to: D:/GameDev/Projects/Unity-GameDev-Prototyping/3D 3rd Person Movement
D:/GameDev/Projects/Unity-GameDev-Prototyping/3D 3rd Person Movement
Using Asset Import Pipeline V2.
Refreshing native plugins compatible for Editor in 78.34 ms, found 3 plugins.
Preloading 0 native plugins for Editor in 0.00 ms.
Initialize engine version: 2021.1.15f1 (e767a7370072)
[Subsystems] Discovering subsystems at path C:/Program Files/Unity 2021.1.15f1/Editor/Data/Resources/UnitySubsystems
[Subsystems] Discovering subsystems at path D:/GameDev/Projects/Unity-GameDev-Prototyping/3D 3rd Person Movement/Assets
GfxDevice: creating device client; threaded=0; jobified=0
Direct3D:
    Version:  Direct3D 11.0 [level 11.1]
    Renderer: NVIDIA GeForce RTX 2070 (ID=0x1f07)
    Vendor:   NVIDIA
    VRAM:     8031 MB
    Driver:   31.0.15.1694
Initialize mono
Mono path[0] = 'C:/Program Files/Unity 2021.1.15f1/Editor/Data/Managed'
Mono path[1] = 'C:/Program Files/Unity 2021.1.15f1/Editor/Data/MonoBleedingEdge/lib/mono/unityjit'
Mono config path = 'C:/Program Files/Unity 2021.1.15f1/Editor/Data/MonoBleedingEdge/etc'
Using monoOptions --debugger-agent=transport=dt_socket,embedding=1,server=y,suspend=n,address=127.0.0.1:56532
Begin MonoManager ReloadAssembly
Registering precompiled unity dll's ...
Register platform support module: C:/Program Files/Unity 2021.1.15f1/Editor/Data/PlaybackEngines/WindowsStandaloneSupport/UnityEditor.WindowsStandalone.Extensions.dll
Registered in 0.001923 seconds.
Native extension for WindowsStandalone target not found
Refreshing native plugins compatible for Editor in 80.50 ms, found 3 plugins.
Preloading 0 native plugins for Editor in 0.00 ms.
Mono: successfully reloaded assembly
- Completed reload, in  1.055 seconds
Domain Reload Profiling:
	ReloadAssembly (1055ms)
		BeginReloadAssembly (46ms)
			ExecutionOrderSort (0ms)
			DisableScriptedObjects (0ms)
			BackupInstance (0ms)
			ReleaseScriptingObjects (0ms)
			CreateAndSetChildDomain (1ms)
		EndReloadAssembly (406ms)
			LoadAssemblies (43ms)
			RebuildTransferFunctionScriptingTraits (0ms)
			SetupTypeCache (143ms)
			ReleaseScriptCaches (0ms)
			RebuildScriptCaches (25ms)
			SetupLoadedEditorAssemblies (198ms)
				LogAssemblyErrors (0ms)
				InitializePlatformSupportModulesInManaged (6ms)
				SetLoadedEditorAssemblies (0ms)
				RefreshPlugins (81ms)
				BeforeProcessingInitializeOnLoad (1ms)
				ProcessInitializeOnLoadAttributes (85ms)
				ProcessInitializeOnLoadMethodAttributes (25ms)
				AfterProcessingInitializeOnLoad (0ms)
				EditorAssembliesLoaded (0ms)
			ExecutionOrderSort2 (0ms)
			AwakeInstancesAfterBackupRestoration (0ms)
Platform modules already initialized, skipping
Registering precompiled user dll's ...
Registered in 0.005248 seconds.
Begin MonoManager ReloadAssembly
Symbol file LoadedFromMemory doesn't match image D:\GameDev\Projects\Unity-GameDev-Prototyping\3D 3rd Person Movement\Library\PackageCache\com.unity.visualscripting@1.6.1\Editor\VisualScripting.Core\Dependencies\YamlDotNet\Unity.VisualScripting.YamlDotNet.dll
Symbol file LoadedFromMemory doesn't match image D:\GameDev\Projects\Unity-GameDev-Prototyping\3D 3rd Person Movement\Library\PackageCache\com.unity.visualscripting@1.6.1\Editor\VisualScripting.Core\Dependencies\DotNetZip\Unity.VisualScripting.IonicZip.dll
Native extension for WindowsStandalone target not found
Refreshing native plugins compatible for Editor in 0.86 ms, found 3 plugins.
Preloading 0 native plugins for Editor in 0.00 ms.
Mono: successfully reloaded assembly
- Completed reload, in  1.012 seconds
Domain Reload Profiling:
	ReloadAssembly (1012ms)
		BeginReloadAssembly (129ms)
			ExecutionOrderSort (0ms)
			DisableScriptedObjects (4ms)
			BackupInstance (0ms)
			ReleaseScriptingObjects (0ms)
			CreateAndSetChildDomain (18ms)
		EndReloadAssembly (827ms)
			LoadAssemblies (81ms)
			RebuildTransferFunctionScriptingTraits (0ms)
			SetupTypeCache (303ms)
			ReleaseScriptCaches (1ms)
			RebuildScriptCaches (49ms)
			SetupLoadedEditorAssemblies (306ms)
				LogAssemblyErrors (0ms)
				InitializePlatformSupportModulesInManaged (4ms)
				SetLoadedEditorAssemblies (0ms)
				RefreshPlugins (1ms)
				BeforeProcessingInitializeOnLoad (68ms)
				ProcessInitializeOnLoadAttributes (221ms)
				ProcessInitializeOnLoadMethodAttributes (4ms)
				AfterProcessingInitializeOnLoad (7ms)
				EditorAssembliesLoaded (0ms)
			ExecutionOrderSort2 (0ms)
			AwakeInstancesAfterBackupRestoration (6ms)
Platform modules already initialized, skipping
========================================================================
Worker process is ready to serve import requests
Launched and connected shader compiler UnityShaderCompiler.exe after 0.04 seconds
Refreshing native plugins compatible for Editor in 0.86 ms, found 3 plugins.
Preloading 0 native plugins for Editor in 0.00 ms.
Unloading 3557 Unused Serialized files (Serialized files now loaded: 0)
System memory in use before: 133.8 MB.
System memory in use after: 134.0 MB.

Unloading 25 unused Assets to reduce memory usage. Loaded Objects now: 4013.
Total: 2.857800 ms (FindLiveObjects: 0.327500 ms CreateObjectMapping: 0.105400 ms MarkObjects: 2.303300 ms  DeleteObjects: 0.120500 ms)

AssetImportParameters requested are different than current active one (requested -> active):
  custom:framework-win-MediaFoundation: 216162199b28c13a410421893ffa2e32 -> 
  custom:video-decoder-ogg-theora: a1e56fd34408186e4bbccfd4996cb3dc -> 
  custom:container-muxer-webm: aa71ff27fc2769a1b78a27578f13a17b -> 
  custom:container-demuxer-webm: 4f35f7cbe854078d1ac9338744f61a02 -> 
  custom:container-demuxer-ogg: 62fdf1f143b41e24485cea50d1cbac27 -> 
  custom:video-encoder-webm-vp8: eb34c28f22e8b96e1ab97ce403110664 -> 
  custom:video-decoder-webm-vp8: 9c59270c3fd7afecdb556c50c9e8de78 -> 
  custom:audio-decoder-ogg-vorbis: bf7c407c2cedff20999df2af8eb42d56 -> 
  custom:audio-encoder-webm-vorbis: bf7c407c2cedff20999df2af8eb42d56 -> 
========================================================================
Received Import Request.
  path: Assets/DevTex/Textures/Solid_NoRender.png
  artifactKey: Guid(0f23691f2fdd342419ac3d41c7e91734) Importer(815301076,1909f56bfc062723c751e8b465ee728b)
Start importing Assets/DevTex/Textures/Solid_NoRender.png using Guid(0f23691f2fdd342419ac3d41c7e91734) Importer(815301076,1909f56bfc062723c751e8b465ee728b)  -> (artifact id: '220b46cc59816043f5eeaef08873ccbd') in 0.198907 seconds 
========================================================================
Received Import Request.
  Time since last request: 0.000178 seconds.
  path: Assets/ProBuilder Data/Default Color Palette.asset
  artifactKey: Guid(2279630b4b0dfc047b85f34d9cd45d02) Importer(815301076,1909f56bfc062723c751e8b465ee728b)
Start importing Assets/ProBuilder Data/Default Color Palette.asset using Guid(2279630b4b0dfc047b85f34d9cd45d02) Importer(815301076,1909f56bfc062723c751e8b465ee728b)  -> (artifact id: 'ed8b38aa7c0862698bfc49d94a631eee') in 0.016282 seconds 
========================================================================
Received Import Request.
  Time since last request: 0.000182 seconds.
  path: Assets/DevTex/Textures/Small_Listener.png
  artifactKey: Guid(9eb5136048cda804c99fc3f7837f3bb2) Importer(815301076,1909f56bfc062723c751e8b465ee728b)
Start importing Assets/DevTex/Textures/Small_Listener.png using Guid(9eb5136048cda804c99fc3f7837f3bb2) Importer(815301076,1909f56bfc062723c751e8b465ee728b)  -> (artifact id: 'a2f72122c969ae49ffb24a6c461ecfc8') in 0.074538 seconds 
========================================================================
Received Import Request.
  Time since last request: 0.000167 seconds.
  path: Assets/DevTex/Textures/Prefab_blue.png
  artifactKey: Guid(4cbf6265c6e95644a98b9801ad67e18d) Importer(815301076,1909f56bfc062723c751e8b465ee728b)
Start importing Assets/DevTex/Textures/Prefab_blue.png using Guid(4cbf6265c6e95644a98b9801ad67e18d) Importer(815301076,1909f56bfc062723c751e8b465ee728b)  -> (artifact id: '1616a42d73872f64101f067a2ff133b4') in 0.041666 seconds 
========================================================================
Received Import Request.
  Time since last request: 0.000160 seconds.
  path: Assets/DevTex/Textures/Prefab_orange.png
  artifactKey: Guid(b4378bd152ed6824a90c459d6b625a2d) Importer(815301076,1909f56bfc062723c751e8b465ee728b)
Start importing Assets/DevTex/Textures/Prefab_orange.png using Guid(b4378bd152ed6824a90c459d6b625a2d) Importer(815301076,1909f56bfc062723c751e8b465ee728b)  -> (artifact id: 'fc30f3355253d13f96a7c0d3bf66eb39') in 0.046529 seconds 
========================================================================
Received Import Request.
  Time since last request: 0.000170 seconds.
  path: Assets/DevTex/Textures/Prefab_Ref_a.png
  artifactKey: Guid(a40fa2693b59eae42afc9eed3e10b3fd) Importer(815301076,1909f56bfc062723c751e8b465ee728b)
Start importing Assets/DevTex/Textures/Prefab_Ref_a.png using Guid(a40fa2693b59eae42afc9eed3e10b3fd) Importer(815301076,1909f56bfc062723c751e8b465ee728b)  -> (artifact id: '3e1f5e44f25abac6b2229f8d6e83c599') in 0.061634 seconds 
========================================================================
Received Import Request.
  Time since last request: 0.000160 seconds.
  path: Assets/DevTex/Textures/Prefab_Ref_m.png
  artifactKey: Guid(569e4e9d725ccdf489c1abc90abd757e) Importer(815301076,1909f56bfc062723c751e8b465ee728b)
Start importing Assets/DevTex/Textures/Prefab_Ref_m.png using Guid(569e4e9d725ccdf489c1abc90abd757e) Importer(815301076,1909f56bfc062723c751e8b465ee728b)  -> (artifact id: '226ce49080f4b4612b848a771c735e18') in 0.044680 seconds 
========================================================================
Received Import Request.
  Time since last request: 0.000165 seconds.
  path: Assets/DevTex/Textures/Prefab_Ref_m9.png
  artifactKey: Guid(019c4469532dc6a489c3273feed6757e) Importer(815301076,1909f56bfc062723c751e8b465ee728b)
Start importing Assets/DevTex/Textures/Prefab_Ref_m9.png using Guid(019c4469532dc6a489c3273feed6757e) Importer(815301076,1909f56bfc062723c751e8b465ee728b)  -> (artifact id: '76e63a73f9f600aa42e2ab6518e7af49') in 0.090120 seconds 
========================================================================
Received Import Request.
  Time since last request: 0.000184 seconds.
  path: Assets/DevTex/Textures/Collide_Player.png
  artifactKey: Guid(bac4909bc8316f64d847112aa1c59e61) Importer(815301076,1909f56bfc062723c751e8b465ee728b)
Start importing Assets/DevTex/Textures/Collide_Player.png using Guid(bac4909bc8316f64d847112aa1c59e61) Importer(815301076,1909f56bfc062723c751e8b465ee728b)  -> (artifact id: '913176bda5dea9c44c43df93e5d627dc') in 0.073647 seconds 
========================================================================
Received Import Request.
  Time since last request: 0.000183 seconds.
  path: Assets/DevTex/Textures/Prefab_purple.png
  artifactKey: Guid(3fd20171da7bd6548b4c7f5f826ad9f9) Importer(815301076,1909f56bfc062723c751e8b465ee728b)
Start importing Assets/DevTex/Textures/Prefab_purple.png using Guid(3fd20171da7bd6548b4c7f5f826ad9f9) Importer(815301076,1909f56bfc062723c751e8b465ee728b)  -> (artifact id: '592a3978d1ecdede4517bb13a90b533d') in 0.067005 seconds 
========================================================================
Received Import Request.
  Time since last request: 0.000185 seconds.
  path: Assets/DevTex/Textures/Small_Audio.png
  artifactKey: Guid(0f81f560420ee5643a5b9a974717975f) Importer(815301076,1909f56bfc062723c751e8b465ee728b)
Start importing Assets/DevTex/Textures/Small_Audio.png using Guid(0f81f560420ee5643a5b9a974717975f) Importer(815301076,1909f56bfc062723c751e8b465ee728b)  -> (artifact id: '56647d02ef04f6160d8ae1412ce8ed5d') in 0.084814 seconds 
========================================================================
Received Import Request.
  Time since last request: 0.000193 seconds.
  path: Assets/DevTex/Textures/Prefab_grey.png
  artifactKey: Guid(423391cbbe5ecd94b94ef01cc234a46d) Importer(815301076,1909f56bfc062723c751e8b465ee728b)
Start importing Assets/DevTex/Textures/Prefab_grey.png using Guid(423391cbbe5ecd94b94ef01cc234a46d) Importer(815301076,1909f56bfc062723c751e8b465ee728b)  -> (artifact id: '8ad2900e3b1ba58f3cbe474fdecb7442') in 0.015821 seconds 
========================================================================
Received Import Request.
  Time since last request: 0.000173 seconds.
  path: Assets/DevTex/Textures/Solid_Region.png
  artifactKey: Guid(4b2ec62d304149344ae135e6ba287be6) Importer(815301076,1909f56bfc062723c751e8b465ee728b)
Start importing Assets/DevTex/Textures/Solid_Region.png using Guid(4b2ec62d304149344ae135e6ba287be6) Importer(815301076,1909f56bfc062723c751e8b465ee728b)  -> (artifact id: '0b5c0aa8323c777722bc35f15d5b8731') in 0.091519 seconds 
========================================================================
Received Import Request.
  Time since last request: 0.000160 seconds.
  path: Assets/DevTex/Textures/Prefab_White.png
  artifactKey: Guid(7aec87028f70b254eba685a7e74b5b0b) Importer(815301076,1909f56bfc062723c751e8b465ee728b)
Start importing Assets/DevTex/Textures/Prefab_White.png using Guid(7aec87028f70b254eba685a7e74b5b0b) Importer(815301076,1909f56bfc062723c751e8b465ee728b)  -> (artifact id: 'f2b21c8066e49ae27fb36bec45b921ac') in 0.065952 seconds 
========================================================================
Received Import Request.
  Time since last request: 0.000168 seconds.
  path: Assets/DevTex/Textures/Zone_Hurt.png
  artifactKey: Guid(0282a7324c0d39b4986149a1a97255ea) Importer(815301076,1909f56bfc062723c751e8b465ee728b)
Start importing Assets/DevTex/Textures/Zone_Hurt.png using Guid(0282a7324c0d39b4986149a1a97255ea) Importer(815301076,1909f56bfc062723c751e8b465ee728b)  -> (artifact id: '3440078ab62ba6c580dc469b26a345ad') in 0.042993 seconds 
========================================================================
Received Import Request.
  Time since last request: 0.000188 seconds.
  path: Assets/DevTex/Textures/Collide_Camera.png
  artifactKey: Guid(798ec416011b72942b1b4694cbc14eff) Importer(815301076,1909f56bfc062723c751e8b465ee728b)
Start importing Assets/DevTex/Textures/Collide_Camera.png using Guid(798ec416011b72942b1b4694cbc14eff) Importer(815301076,1909f56bfc062723c751e8b465ee728b)  -> (artifact id: 'fee9ba186886a717119f8bf158be6595') in 0.092797 seconds 
========================================================================
Received Import Request.
  Time since last request: 0.000176 seconds.
  path: Assets/DevTex/Textures/Prefab_Black.png
  artifactKey: Guid(35ab53bef1f1a954cb756b2878e66c59) Importer(815301076,1909f56bfc062723c751e8b465ee728b)
Start importing Assets/DevTex/Textures/Prefab_Black.png using Guid(35ab53bef1f1a954cb756b2878e66c59) Importer(815301076,1909f56bfc062723c751e8b465ee728b)  -> (artifact id: '1c22e85512f3fb052102dad84d1da3a3') in 0.048966 seconds 
========================================================================
Received Import Request.
  Time since last request: 0.000210 seconds.
  path: Assets/DevTex/Textures/Prefab_green.png
  artifactKey: Guid(7445403625d6a2a41b2a8862e711959c) Importer(815301076,1909f56bfc062723c751e8b465ee728b)
Start importing Assets/DevTex/Textures/Prefab_green.png using Guid(7445403625d6a2a41b2a8862e711959c) Importer(815301076,1909f56bfc062723c751e8b465ee728b)  -> (artifact id: '32fc4a4fefd26a4543a0b65a0f247e3d') in 0.073782 seconds 
========================================================================
Received Import Request.
  Time since last request: 0.000221 seconds.
  path: Assets/DevTex/Textures/Prefab_yellow.png
  artifactKey: Guid(1763c27db58e0514aae9cc0bb4116dff) Importer(815301076,1909f56bfc062723c751e8b465ee728b)
Start importing Assets/DevTex/Textures/Prefab_yellow.png using Guid(1763c27db58e0514aae9cc0bb4116dff) Importer(815301076,1909f56bfc062723c751e8b465ee728b)  -> (artifact id: 'b507b7111653630274e9c61bda5f24cc') in 0.067253 seconds 
========================================================================
Received Import Request.
  Time since last request: 0.000170 seconds.
  path: Assets/DevTex/Textures/Prefab_Ref_m7.png
  artifactKey: Guid(9010dfe647115e94396fc57e00a5da67) Importer(815301076,1909f56bfc062723c751e8b465ee728b)
Start importing Assets/DevTex/Textures/Prefab_Ref_m7.png using Guid(9010dfe647115e94396fc57e00a5da67) Importer(815301076,1909f56bfc062723c751e8b465ee728b)  -> (artifact id: 'c8ca644960a685bad0e232892ff2b701') in 0.101793 seconds 
========================================================================
Received Import Request.
  Time since last request: 0.000174 seconds.
  path: Assets/DevTex/Textures/Small_Target.png
  artifactKey: Guid(aec01169946eb05479435d4ce5f980ae) Importer(815301076,1909f56bfc062723c751e8b465ee728b)
Start importing Assets/DevTex/Textures/Small_Target.png using Guid(aec01169946eb05479435d4ce5f980ae) Importer(815301076,1909f56bfc062723c751e8b465ee728b)  -> (artifact id: '37875a51bfc7c8521edcb8eb8b2db17b') in 0.073393 seconds 
========================================================================
Received Import Request.
  Time since last request: 0.000157 seconds.
  path: Assets/DevTex/Textures/Small_way.png
  artifactKey: Guid(8c206ac34833eed4f8c6ff447fd23840) Importer(815301076,1909f56bfc062723c751e8b465ee728b)
Start importing Assets/DevTex/Textures/Small_way.png using Guid(8c206ac34833eed4f8c6ff447fd23840) Importer(815301076,1909f56bfc062723c751e8b465ee728b)  -> (artifact id: '31f70ba8bb94158a6fa83e7fd9841345') in 0.063019 seconds 
========================================================================
Received Import Request.
  Time since last request: 0.000206 seconds.
  path: Assets/DevTex/Textures/Collide_Trigger.png
  artifactKey: Guid(824f945e571a5174aaa9703ee1d360d3) Importer(815301076,1909f56bfc062723c751e8b465ee728b)
Start importing Assets/DevTex/Textures/Collide_Trigger.png using Guid(824f945e571a5174aaa9703ee1d360d3) Importer(815301076,1909f56bfc062723c751e8b465ee728b)  -> (artifact id: '48e59a6ef3c63c223702c225cccf6874') in 0.077505 seconds 
========================================================================
Received Import Request.
  Time since last request: 0.000165 seconds.
  path: Assets/DevTex/Textures/Solid_SkyBox.png
  artifactKey: Guid(937f9b5e06b17da498d852983fcfbc09) Importer(815301076,1909f56bfc062723c751e8b465ee728b)
Start importing Assets/DevTex/Textures/Solid_SkyBox.png using Guid(937f9b5e06b17da498d852983fcfbc09) Importer(815301076,1909f56bfc062723c751e8b465ee728b)  -> (artifact id: '099e171b35852cae5fec3012965a9342') in 0.065905 seconds 
========================================================================
Received Import Request.
  Time since last request: 0.000157 seconds.
  path: Assets/DevTex/Textures/Prefab_tan.png
  artifactKey: Guid(9d75e9f07b95b04489b58dab513a8e47) Importer(815301076,1909f56bfc062723c751e8b465ee728b)
Start importing Assets/DevTex/Textures/Prefab_tan.png using Guid(9d75e9f07b95b04489b58dab513a8e47) Importer(815301076,1909f56bfc062723c751e8b465ee728b)  -> (artifact id: '5d8ccae30ea9f2e5a26c9bd41220bd8e') in 0.102693 seconds 
========================================================================
Received Import Request.
  Time since last request: 0.000175 seconds.
  path: Assets/DevTex/Textures/Prefab_red.png
  artifactKey: Guid(e61c1e60462c13c4c8b36bbe95814ae5) Importer(815301076,1909f56bfc062723c751e8b465ee728b)
Start importing Assets/DevTex/Textures/Prefab_red.png using Guid(e61c1e60462c13c4c8b36bbe95814ae5) Importer(815301076,1909f56bfc062723c751e8b465ee728b)  -> (artifact id: 'c36d9bbef6a04fd7c930ebca2549479a') in 0.069167 seconds 
========================================================================
Received Import Request.
  Time since last request: 0.000201 seconds.
  path: Assets/DevTex/Textures/Prefab_Grey25.png
  artifactKey: Guid(edbd1f26a74da8f45b34d7a07d5aac22) Importer(815301076,1909f56bfc062723c751e8b465ee728b)
Start importing Assets/DevTex/Textures/Prefab_Grey25.png using Guid(edbd1f26a74da8f45b34d7a07d5aac22) Importer(815301076,1909f56bfc062723c751e8b465ee728b)  -> (artifact id: 'f496854bc1b3c99d1b2c2f6c772c457d') in 0.060018 seconds 
========================================================================
Received Import Request.
  Time since last request: 0.000160 seconds.
  path: Assets/DevTex/Textures/Prefab_Grey50.png
  artifactKey: Guid(682dde2b3012d924bb7ea8e62e07f935) Importer(815301076,1909f56bfc062723c751e8b465ee728b)
Start importing Assets/DevTex/Textures/Prefab_Grey50.png using Guid(682dde2b3012d924bb7ea8e62e07f935) Importer(815301076,1909f56bfc062723c751e8b465ee728b)  -> (artifact id: 'ce9e572e16ffd1af0fcfe54d343467d1') in 0.057834 seconds 
========================================================================
Received Import Request.
  Time since last request: 0.000149 seconds.
  path: Assets/DevTex/Textures/Prefab_Ref_m8.png
  artifactKey: Guid(b8576689985072c4caa60ced4d4586f4) Importer(815301076,1909f56bfc062723c751e8b465ee728b)
Start importing Assets/DevTex/Textures/Prefab_Ref_m8.png using Guid(b8576689985072c4caa60ced4d4586f4) Importer(815301076,1909f56bfc062723c751e8b465ee728b)  -> (artifact id: '358d2a7a58419f7a082e655a143ea731') in 0.084978 seconds 
========================================================================
Received Import Request.
  Time since last request: 0.000223 seconds.
  path: Assets/DevTex/Textures/Collide_Handler.png
  artifactKey: Guid(cfd85ceaefb8600438a4aeb6589031ce) Importer(815301076,1909f56bfc062723c751e8b465ee728b)
Start importing Assets/DevTex/Textures/Collide_Handler.png using Guid(cfd85ceaefb8600438a4aeb6589031ce) Importer(815301076,1909f56bfc062723c751e8b465ee728b)  -> (artifact id: 'f08ed2b8a049dac85a99190a71cee60a') in 0.075758 seconds 
========================================================================
Received Import Request.
  Time since last request: 0.000197 seconds.
  path: Assets/DevTex/Textures/Zone_spawn.png
  artifactKey: Guid(8da392347537b7649879a4e7e5b02ebd) Importer(815301076,1909f56bfc062723c751e8b465ee728b)
Start importing Assets/DevTex/Textures/Zone_spawn.png using Guid(8da392347537b7649879a4e7e5b02ebd) Importer(815301076,1909f56bfc062723c751e8b465ee728b)  -> (artifact id: '5ce75d2878a74852d594bae4b6d39735') in 0.098177 seconds 
========================================================================
Received Import Request.
  Time since last request: 0.000162 seconds.
  path: Assets/DevTex/Textures/Prefab_Metal_100.png
  artifactKey: Guid(784c8ac9163087149a755e52701a39a1) Importer(815301076,1909f56bfc062723c751e8b465ee728b)
Start importing Assets/DevTex/Textures/Prefab_Metal_100.png using Guid(784c8ac9163087149a755e52701a39a1) Importer(815301076,1909f56bfc062723c751e8b465ee728b)  -> (artifact id: '4273098739b9ed47300291267cc9201c') in 0.069869 seconds 
========================================================================
Received Import Request.
  Time since last request: 0.000181 seconds.
  path: Assets/DevTex/Textures/Collide_Scene.png
  artifactKey: Guid(51f3b8ff19a42d3489663fb2f20a5737) Importer(815301076,1909f56bfc062723c751e8b465ee728b)
Start importing Assets/DevTex/Textures/Collide_Scene.png using Guid(51f3b8ff19a42d3489663fb2f20a5737) Importer(815301076,1909f56bfc062723c751e8b465ee728b)  -> (artifact id: 'b0384535f436e4d69d2a716ff6954edd') in 0.056533 seconds 
========================================================================
Received Import Request.
  Time since last request: 0.000167 seconds.
  path: Assets/DevTex/Textures/Small_Look.png
  artifactKey: Guid(40f424e731fca594598a90b3a14c4114) Importer(815301076,1909f56bfc062723c751e8b465ee728b)
Start importing Assets/DevTex/Textures/Small_Look.png using Guid(40f424e731fca594598a90b3a14c4114) Importer(815301076,1909f56bfc062723c751e8b465ee728b)  -> (artifact id: '73813ccdaa9a95e88c69a5489ccef463') in 0.096096 seconds 
========================================================================
Received Import Request.
  Time since last request: 0.000167 seconds.
  path: Assets/DevTex/Textures/Collide_World.png
  artifactKey: Guid(aa6fb989189ddee4b8127e71c11ae661) Importer(815301076,1909f56bfc062723c751e8b465ee728b)
Start importing Assets/DevTex/Textures/Collide_World.png using Guid(aa6fb989189ddee4b8127e71c11ae661) Importer(815301076,1909f56bfc062723c751e8b465ee728b)  -> (artifact id: 'cb53ecd6565fc1d5e72ec104f1c8c98c') in 0.094437 seconds 
========================================================================
Received Import Request.
  Time since last request: 0.000184 seconds.
  path: Assets/DevTex/Textures/Prefab_Grey75.png
  artifactKey: Guid(38fbec325fe791149aceb45cb8d1fe8a) Importer(815301076,1909f56bfc062723c751e8b465ee728b)
Start importing Assets/DevTex/Textures/Prefab_Grey75.png using Guid(38fbec325fe791149aceb45cb8d1fe8a) Importer(815301076,1909f56bfc062723c751e8b465ee728b)  -> (artifact id: '1392257fac98d7fd6404d988153723f0') in 0.051749 seconds 
========================================================================
Received Import Request.
  Time since last request: 0.000169 seconds.
  path: Assets/DevTex/Textures/Collide_Script.png
  artifactKey: Guid(b6181935a2534ff47bc4b0f67c13bf9d) Importer(815301076,1909f56bfc062723c751e8b465ee728b)
Start importing Assets/DevTex/Textures/Collide_Script.png using Guid(b6181935a2534ff47bc4b0f67c13bf9d) Importer(815301076,1909f56bfc062723c751e8b465ee728b)  -> (artifact id: '66a3139803bbecab106cb7c8d73b032a') in 0.065714 seconds 
========================================================================
Received Import Request.
  Time since last request: 0.506546 seconds.
  path: Assets/Ground textures pack/Dry ground
  artifactKey: Guid(fb4affa48a3a68649973bc873f633e47) Importer(815301076,1909f56bfc062723c751e8b465ee728b)
Start importing Assets/Ground textures pack/Dry ground using Guid(fb4affa48a3a68649973bc873f633e47) Importer(815301076,1909f56bfc062723c751e8b465ee728b)  -> (artifact id: '50d7ae3d5bba1ab421588fd4aa084892') in 0.027941 seconds 
========================================================================
Received Import Request.
  Time since last request: 0.487771 seconds.
  path: Assets/Ground textures pack/Grass & dead leafs 01
  artifactKey: Guid(e14a6dcd61a74364aacd441e5a3a9326) Importer(815301076,1909f56bfc062723c751e8b465ee728b)
Start importing Assets/Ground textures pack/Grass & dead leafs 01 using Guid(e14a6dcd61a74364aacd441e5a3a9326) Importer(815301076,1909f56bfc062723c751e8b465ee728b)  -> (artifact id: 'ac2d3dc97c5228ca28c00e4fb0221525') in 0.009335 seconds 
========================================================================
Received Import Request.
  Time since last request: 9.334600 seconds.
  path: Assets/BOXOPHOBIC/Skybox Cubemap Extended
  artifactKey: Guid(06fe4632bd09e57468b68c174e122233) Importer(815301076,1909f56bfc062723c751e8b465ee728b)
Start importing Assets/BOXOPHOBIC/Skybox Cubemap Extended using Guid(06fe4632bd09e57468b68c174e122233) Importer(815301076,1909f56bfc062723c751e8b465ee728b)  -> (artifact id: '3457226c225e57def5945b7a5bb0ef3c') in 0.024930 seconds 
========================================================================
Received Import Request.
  Time since last request: 3.915128 seconds.
  path: Assets/BOXOPHOBIC/Skybox Cubemap Extended/Demo/Materials/LowPoly - FirTreeVariation.mat
  artifactKey: Guid(0f74119e82d3b3a4d9b2842dbaa2a6ee) Importer(815301076,1909f56bfc062723c751e8b465ee728b)
Start importing Assets/BOXOPHOBIC/Skybox Cubemap Extended/Demo/Materials/LowPoly - FirTreeVariation.mat using Guid(0f74119e82d3b3a4d9b2842dbaa2a6ee) Importer(815301076,1909f56bfc062723c751e8b465ee728b)  -> (artifact id: '1d22f2ba13308121f0c84b942eaf2af4') in 0.077294 seconds 
========================================================================
Received Prepare
Registering precompiled user dll's ...
Registered in 0.005536 seconds.
Begin MonoManager ReloadAssembly
Symbol file LoadedFromMemory doesn't match image D:\GameDev\Projects\Unity-GameDev-Prototyping\3D 3rd Person Movement\Library\PackageCache\com.unity.visualscripting@1.6.1\Editor\VisualScripting.Core\Dependencies\YamlDotNet\Unity.VisualScripting.YamlDotNet.dll
Symbol file LoadedFromMemory doesn't match image D:\GameDev\Projects\Unity-GameDev-Prototyping\3D 3rd Person Movement\Library\PackageCache\com.unity.visualscripting@1.6.1\Editor\VisualScripting.Core\Dependencies\DotNetZip\Unity.VisualScripting.IonicZip.dll
Native extension for WindowsStandalone target not found
Refreshing native plugins compatible for Editor in 0.85 ms, found 3 plugins.
Preloading 0 native plugins for Editor in 0.00 ms.
Mono: successfully reloaded assembly
- Completed reload, in  1.007 seconds
Domain Reload Profiling:
	ReloadAssembly (1007ms)
		BeginReloadAssembly (118ms)
			ExecutionOrderSort (0ms)
			DisableScriptedObjects (3ms)
			BackupInstance (0ms)
			ReleaseScriptingObjects (0ms)
			CreateAndSetChildDomain (36ms)
		EndReloadAssembly (834ms)
			LoadAssemblies (81ms)
			RebuildTransferFunctionScriptingTraits (0ms)
			SetupTypeCache (300ms)
			ReleaseScriptCaches (1ms)
			RebuildScriptCaches (39ms)
			SetupLoadedEditorAssemblies (287ms)
				LogAssemblyErrors (0ms)
				InitializePlatformSupportModulesInManaged (4ms)
				SetLoadedEditorAssemblies (0ms)
				RefreshPlugins (1ms)
				BeforeProcessingInitializeOnLoad (51ms)
				ProcessInitializeOnLoadAttributes (220ms)
				ProcessInitializeOnLoadMethodAttributes (4ms)
				AfterProcessingInitializeOnLoad (7ms)
				EditorAssembliesLoaded (0ms)
			ExecutionOrderSort2 (0ms)
			AwakeInstancesAfterBackupRestoration (18ms)
Platform modules already initialized, skipping
Refreshing native plugins compatible for Editor in 0.86 ms, found 3 plugins.
Preloading 0 native plugins for Editor in 0.00 ms.
Unloading 3565 Unused Serialized files (Serialized files now loaded: 0)
System memory in use before: 160.0 MB.
System memory in use after: 160.1 MB.

Unloading 20 unused Assets to reduce memory usage. Loaded Objects now: 4597.
Total: 2.957500 ms (FindLiveObjects: 0.389000 ms CreateObjectMapping: 0.093800 ms MarkObjects: 2.370100 ms  DeleteObjects: 0.103400 ms)

AssetImportParameters requested are different than current active one (requested -> active):
  custom:framework-win-MediaFoundation: 216162199b28c13a410421893ffa2e32 -> 
  custom:video-decoder-ogg-theora: a1e56fd34408186e4bbccfd4996cb3dc -> 
  custom:container-muxer-webm: aa71ff27fc2769a1b78a27578f13a17b -> 
  custom:container-demuxer-webm: 4f35f7cbe854078d1ac9338744f61a02 -> 
  custom:container-demuxer-ogg: 62fdf1f143b41e24485cea50d1cbac27 -> 
  custom:video-encoder-webm-vp8: eb34c28f22e8b96e1ab97ce403110664 -> 
  custom:video-decoder-webm-vp8: 9c59270c3fd7afecdb556c50c9e8de78 -> 
  custom:audio-decoder-ogg-vorbis: bf7c407c2cedff20999df2af8eb42d56 -> 
  custom:audio-encoder-webm-vorbis: bf7c407c2cedff20999df2af8eb42d56 -> 
========================================================================
Received Prepare
Registering precompiled user dll's ...
Registered in 0.005652 seconds.
Begin MonoManager ReloadAssembly
Symbol file LoadedFromMemory doesn't match image D:\GameDev\Projects\Unity-GameDev-Prototyping\3D 3rd Person Movement\Library\PackageCache\com.unity.visualscripting@1.6.1\Editor\VisualScripting.Core\Dependencies\YamlDotNet\Unity.VisualScripting.YamlDotNet.dll
Symbol file LoadedFromMemory doesn't match image D:\GameDev\Projects\Unity-GameDev-Prototyping\3D 3rd Person Movement\Library\PackageCache\com.unity.visualscripting@1.6.1\Editor\VisualScripting.Core\Dependencies\DotNetZip\Unity.VisualScripting.IonicZip.dll
Native extension for WindowsStandalone target not found
Refreshing native plugins compatible for Editor in 0.87 ms, found 3 plugins.
Preloading 0 native plugins for Editor in 0.00 ms.
Mono: successfully reloaded assembly
- Completed reload, in  0.961 seconds
Domain Reload Profiling:
	ReloadAssembly (961ms)
		BeginReloadAssembly (118ms)
			ExecutionOrderSort (0ms)
			DisableScriptedObjects (8ms)
			BackupInstance (0ms)
			ReleaseScriptingObjects (0ms)
			CreateAndSetChildDomain (36ms)
		EndReloadAssembly (788ms)
			LoadAssemblies (82ms)
			RebuildTransferFunctionScriptingTraits (0ms)
			SetupTypeCache (300ms)
			ReleaseScriptCaches (1ms)
			RebuildScriptCaches (39ms)
			SetupLoadedEditorAssemblies (273ms)
				LogAssemblyErrors (0ms)
				InitializePlatformSupportModulesInManaged (4ms)
				SetLoadedEditorAssemblies (0ms)
				RefreshPlugins (1ms)
				BeforeProcessingInitializeOnLoad (51ms)
				ProcessInitializeOnLoadAttributes (206ms)
				ProcessInitializeOnLoadMethodAttributes (4ms)
				AfterProcessingInitializeOnLoad (7ms)
				EditorAssembliesLoaded (0ms)
			ExecutionOrderSort2 (0ms)
			AwakeInstancesAfterBackupRestoration (13ms)
Platform modules already initialized, skipping
Refreshing native plugins compatible for Editor in 0.86 ms, found 3 plugins.
Preloading 0 native plugins for Editor in 0.00 ms.
Unloading 3529 Unused Serialized files (Serialized files now loaded: 0)
System memory in use before: 158.9 MB.
System memory in use after: 159.0 MB.

Unloading 20 unused Assets to reduce memory usage. Loaded Objects now: 4600.
Total: 2.872300 ms (FindLiveObjects: 0.378900 ms CreateObjectMapping: 0.127300 ms MarkObjects: 2.252500 ms  DeleteObjects: 0.112300 ms)

AssetImportParameters requested are different than current active one (requested -> active):
  custom:framework-win-MediaFoundation: 216162199b28c13a410421893ffa2e32 -> 
  custom:video-decoder-ogg-theora: a1e56fd34408186e4bbccfd4996cb3dc -> 
  custom:container-muxer-webm: aa71ff27fc2769a1b78a27578f13a17b -> 
  custom:container-demuxer-webm: 4f35f7cbe854078d1ac9338744f61a02 -> 
  custom:container-demuxer-ogg: 62fdf1f143b41e24485cea50d1cbac27 -> 
  custom:video-encoder-webm-vp8: eb34c28f22e8b96e1ab97ce403110664 -> 
  custom:video-decoder-webm-vp8: 9c59270c3fd7afecdb556c50c9e8de78 -> 
  custom:audio-decoder-ogg-vorbis: bf7c407c2cedff20999df2af8eb42d56 -> 
  custom:audio-encoder-webm-vorbis: bf7c407c2cedff20999df2af8eb42d56 -> 
========================================================================
Received Import Request.
  Time since last request: 158.680158 seconds.
  path: Assets/Scripts/NPCInteractable.cs
  artifactKey: Guid(58ffec32211899f4e95cb37a74628226) Importer(815301076,1909f56bfc062723c751e8b465ee728b)
Start importing Assets/Scripts/NPCInteractable.cs using Guid(58ffec32211899f4e95cb37a74628226) Importer(815301076,1909f56bfc062723c751e8b465ee728b)  -> (artifact id: 'a941f633c9e369a9fd4e6886e1ec260e') in 0.028076 seconds 
========================================================================
Received Prepare
Registering precompiled user dll's ...
Registered in 0.005429 seconds.
Begin MonoManager ReloadAssembly
Symbol file LoadedFromMemory doesn't match image D:\GameDev\Projects\Unity-GameDev-Prototyping\3D 3rd Person Movement\Library\PackageCache\com.unity.visualscripting@1.6.1\Editor\VisualScripting.Core\Dependencies\YamlDotNet\Unity.VisualScripting.YamlDotNet.dll
Symbol file LoadedFromMemory doesn't match image D:\GameDev\Projects\Unity-GameDev-Prototyping\3D 3rd Person Movement\Library\PackageCache\com.unity.visualscripting@1.6.1\Editor\VisualScripting.Core\Dependencies\DotNetZip\Unity.VisualScripting.IonicZip.dll
Native extension for WindowsStandalone target not found
Refreshing native plugins compatible for Editor in 0.88 ms, found 3 plugins.
Preloading 0 native plugins for Editor in 0.00 ms.
Mono: successfully reloaded assembly
- Completed reload, in  0.966 seconds
Domain Reload Profiling:
	ReloadAssembly (967ms)
		BeginReloadAssembly (118ms)
			ExecutionOrderSort (0ms)
			DisableScriptedObjects (8ms)
			BackupInstance (0ms)
			ReleaseScriptingObjects (0ms)
			CreateAndSetChildDomain (35ms)
		EndReloadAssembly (792ms)
			LoadAssemblies (82ms)
			RebuildTransferFunctionScriptingTraits (0ms)
			SetupTypeCache (290ms)
			ReleaseScriptCaches (1ms)
			RebuildScriptCaches (40ms)
			SetupLoadedEditorAssemblies (288ms)
				LogAssemblyErrors (0ms)
				InitializePlatformSupportModulesInManaged (4ms)
				SetLoadedEditorAssemblies (0ms)
				RefreshPlugins (1ms)
				BeforeProcessingInitializeOnLoad (53ms)
				ProcessInitializeOnLoadAttributes (217ms)
				ProcessInitializeOnLoadMethodAttributes (4ms)
				AfterProcessingInitializeOnLoad (7ms)
				EditorAssembliesLoaded (0ms)
			ExecutionOrderSort2 (0ms)
			AwakeInstancesAfterBackupRestoration (14ms)
Platform modules already initialized, skipping
Refreshing native plugins compatible for Editor in 0.86 ms, found 3 plugins.
Preloading 0 native plugins for Editor in 0.00 ms.
Unloading 3529 Unused Serialized files (Serialized files now loaded: 0)
System memory in use before: 158.9 MB.
System memory in use after: 159.1 MB.

Unloading 20 unused Assets to reduce memory usage. Loaded Objects now: 4603.
Total: 2.928700 ms (FindLiveObjects: 0.355900 ms CreateObjectMapping: 0.094400 ms MarkObjects: 2.375400 ms  DeleteObjects: 0.102200 ms)

AssetImportParameters requested are different than current active one (requested -> active):
  custom:framework-win-MediaFoundation: 216162199b28c13a410421893ffa2e32 -> 
  custom:video-decoder-ogg-theora: a1e56fd34408186e4bbccfd4996cb3dc -> 
  custom:container-muxer-webm: aa71ff27fc2769a1b78a27578f13a17b -> 
  custom:container-demuxer-webm: 4f35f7cbe854078d1ac9338744f61a02 -> 
  custom:container-demuxer-ogg: 62fdf1f143b41e24485cea50d1cbac27 -> 
  custom:video-encoder-webm-vp8: eb34c28f22e8b96e1ab97ce403110664 -> 
  custom:video-decoder-webm-vp8: 9c59270c3fd7afecdb556c50c9e8de78 -> 
  custom:audio-decoder-ogg-vorbis: bf7c407c2cedff20999df2af8eb42d56 -> 
  custom:audio-encoder-webm-vorbis: bf7c407c2cedff20999df2af8eb42d56 -> 
========================================================================
Received Import Request.
  Time since last request: 221.700581 seconds.
  path: Assets/Scripts/PlayerInteractUI.cs
  artifactKey: Guid(5a7d5b4892b667c438c2cc33a3d66054) Importer(815301076,1909f56bfc062723c751e8b465ee728b)
Start importing Assets/Scripts/PlayerInteractUI.cs using Guid(5a7d5b4892b667c438c2cc33a3d66054) Importer(815301076,1909f56bfc062723c751e8b465ee728b)  -> (artifact id: '8f8a20a1b25096078f5ccddf8f0ea63f') in 0.013010 seconds 
========================================================================
Received Import Request.
  Time since last request: 207.552592 seconds.
  path: Assets/Scripts/PlayerInteractUI.cs
  artifactKey: Guid(5a7d5b4892b667c438c2cc33a3d66054) Importer(815301076,1909f56bfc062723c751e8b465ee728b)
Start importing Assets/Scripts/PlayerInteractUI.cs using Guid(5a7d5b4892b667c438c2cc33a3d66054) Importer(815301076,1909f56bfc062723c751e8b465ee728b)  -> (artifact id: 'b1a6a3e82d0bd7b8c8ac7a5f4c935e63') in 0.002203 seconds 
========================================================================
Received Import Request.
  Time since last request: 291.377550 seconds.
  path: Assets/Scripts/PlayerInteractUI.cs
  artifactKey: Guid(5a7d5b4892b667c438c2cc33a3d66054) Importer(815301076,1909f56bfc062723c751e8b465ee728b)
Start importing Assets/Scripts/PlayerInteractUI.cs using Guid(5a7d5b4892b667c438c2cc33a3d66054) Importer(815301076,1909f56bfc062723c751e8b465ee728b)  -> (artifact id: '44098e6892c6c472613377b644d34c2b') in 0.002032 seconds 
========================================================================
Received Prepare
Registering precompiled user dll's ...
Registered in 0.005369 seconds.
Begin MonoManager ReloadAssembly
Symbol file LoadedFromMemory doesn't match image D:\GameDev\Projects\Unity-GameDev-Prototyping\3D 3rd Person Movement\Library\PackageCache\com.unity.visualscripting@1.6.1\Editor\VisualScripting.Core\Dependencies\YamlDotNet\Unity.VisualScripting.YamlDotNet.dll
Symbol file LoadedFromMemory doesn't match image D:\GameDev\Projects\Unity-GameDev-Prototyping\3D 3rd Person Movement\Library\PackageCache\com.unity.visualscripting@1.6.1\Editor\VisualScripting.Core\Dependencies\DotNetZip\Unity.VisualScripting.IonicZip.dll
Native extension for WindowsStandalone target not found
Refreshing native plugins compatible for Editor in 0.84 ms, found 3 plugins.
Preloading 0 native plugins for Editor in 0.00 ms.
Mono: successfully reloaded assembly
- Completed reload, in  0.977 seconds
Domain Reload Profiling:
	ReloadAssembly (978ms)
		BeginReloadAssembly (117ms)
			ExecutionOrderSort (0ms)
			DisableScriptedObjects (8ms)
			BackupInstance (0ms)
			ReleaseScriptingObjects (0ms)
			CreateAndSetChildDomain (35ms)
		EndReloadAssembly (804ms)
			LoadAssemblies (85ms)
			RebuildTransferFunctionScriptingTraits (0ms)
			SetupTypeCache (313ms)
			ReleaseScriptCaches (1ms)
			RebuildScriptCaches (40ms)
			SetupLoadedEditorAssemblies (277ms)
				LogAssemblyErrors (0ms)
				InitializePlatformSupportModulesInManaged (4ms)
				SetLoadedEditorAssemblies (0ms)
				RefreshPlugins (1ms)
				BeforeProcessingInitializeOnLoad (52ms)
				ProcessInitializeOnLoadAttributes (209ms)
				ProcessInitializeOnLoadMethodAttributes (4ms)
				AfterProcessingInitializeOnLoad (7ms)
				EditorAssembliesLoaded (0ms)
			ExecutionOrderSort2 (0ms)
			AwakeInstancesAfterBackupRestoration (13ms)
Platform modules already initialized, skipping
Refreshing native plugins compatible for Editor in 0.90 ms, found 3 plugins.
Preloading 0 native plugins for Editor in 0.00 ms.
Unloading 3529 Unused Serialized files (Serialized files now loaded: 0)
System memory in use before: 159.0 MB.
System memory in use after: 159.2 MB.

Unloading 20 unused Assets to reduce memory usage. Loaded Objects now: 4606.
Total: 2.624300 ms (FindLiveObjects: 0.376000 ms CreateObjectMapping: 0.086200 ms MarkObjects: 2.063900 ms  DeleteObjects: 0.097400 ms)

AssetImportParameters requested are different than current active one (requested -> active):
  custom:framework-win-MediaFoundation: 216162199b28c13a410421893ffa2e32 -> 
  custom:video-decoder-ogg-theora: a1e56fd34408186e4bbccfd4996cb3dc -> 
  custom:container-muxer-webm: aa71ff27fc2769a1b78a27578f13a17b -> 
  custom:container-demuxer-webm: 4f35f7cbe854078d1ac9338744f61a02 -> 
  custom:container-demuxer-ogg: 62fdf1f143b41e24485cea50d1cbac27 -> 
  custom:video-encoder-webm-vp8: eb34c28f22e8b96e1ab97ce403110664 -> 
  custom:video-decoder-webm-vp8: 9c59270c3fd7afecdb556c50c9e8de78 -> 
  custom:audio-decoder-ogg-vorbis: bf7c407c2cedff20999df2af8eb42d56 -> 
  custom:audio-encoder-webm-vorbis: bf7c407c2cedff20999df2af8eb42d56 -> 
========================================================================
Received Prepare
Registering precompiled user dll's ...
Registered in 0.007375 seconds.
Begin MonoManager ReloadAssembly
Symbol file LoadedFromMemory doesn't match image D:\GameDev\Projects\Unity-GameDev-Prototyping\3D 3rd Person Movement\Library\PackageCache\com.unity.visualscripting@1.6.1\Editor\VisualScripting.Core\Dependencies\YamlDotNet\Unity.VisualScripting.YamlDotNet.dll
Symbol file LoadedFromMemory doesn't match image D:\GameDev\Projects\Unity-GameDev-Prototyping\3D 3rd Person Movement\Library\PackageCache\com.unity.visualscripting@1.6.1\Editor\VisualScripting.Core\Dependencies\DotNetZip\Unity.VisualScripting.IonicZip.dll
Native extension for WindowsStandalone target not found
Refreshing native plugins compatible for Editor in 0.86 ms, found 3 plugins.
Preloading 0 native plugins for Editor in 0.00 ms.
Mono: successfully reloaded assembly
- Completed reload, in  0.988 seconds
Domain Reload Profiling:
	ReloadAssembly (988ms)
		BeginReloadAssembly (123ms)
			ExecutionOrderSort (0ms)
			DisableScriptedObjects (8ms)
			BackupInstance (0ms)
			ReleaseScriptingObjects (0ms)
			CreateAndSetChildDomain (39ms)
		EndReloadAssembly (809ms)
			LoadAssemblies (81ms)
			RebuildTransferFunctionScriptingTraits (0ms)
			SetupTypeCache (308ms)
			ReleaseScriptCaches (1ms)
			RebuildScriptCaches (41ms)
			SetupLoadedEditorAssemblies (281ms)
				LogAssemblyErrors (0ms)
				InitializePlatformSupportModulesInManaged (4ms)
				SetLoadedEditorAssemblies (0ms)
				RefreshPlugins (1ms)
				BeforeProcessingInitializeOnLoad (51ms)
				ProcessInitializeOnLoadAttributes (213ms)
				ProcessInitializeOnLoadMethodAttributes (4ms)
				AfterProcessingInitializeOnLoad (7ms)
				EditorAssembliesLoaded (0ms)
			ExecutionOrderSort2 (0ms)
			AwakeInstancesAfterBackupRestoration (13ms)
Platform modules already initialized, skipping
Refreshing native plugins compatible for Editor in 0.96 ms, found 3 plugins.
Preloading 0 native plugins for Editor in 0.00 ms.
Unloading 3529 Unused Serialized files (Serialized files now loaded: 0)
System memory in use before: 159.0 MB.
System memory in use after: 159.2 MB.

Unloading 20 unused Assets to reduce memory usage. Loaded Objects now: 4609.
Total: 2.985900 ms (FindLiveObjects: 0.386900 ms CreateObjectMapping: 0.096800 ms MarkObjects: 2.399200 ms  DeleteObjects: 0.101600 ms)

AssetImportParameters requested are different than current active one (requested -> active):
  custom:framework-win-MediaFoundation: 216162199b28c13a410421893ffa2e32 -> 
  custom:video-decoder-ogg-theora: a1e56fd34408186e4bbccfd4996cb3dc -> 
  custom:container-muxer-webm: aa71ff27fc2769a1b78a27578f13a17b -> 
  custom:container-demuxer-webm: 4f35f7cbe854078d1ac9338744f61a02 -> 
  custom:container-demuxer-ogg: 62fdf1f143b41e24485cea50d1cbac27 -> 
  custom:video-encoder-webm-vp8: eb34c28f22e8b96e1ab97ce403110664 -> 
  custom:video-decoder-webm-vp8: 9c59270c3fd7afecdb556c50c9e8de78 -> 
  custom:audio-decoder-ogg-vorbis: bf7c407c2cedff20999df2af8eb42d56 -> 
  custom:audio-encoder-webm-vorbis: bf7c407c2cedff20999df2af8eb42d56 -> 
========================================================================
Received Prepare
Registering precompiled user dll's ...
Registered in 0.005266 seconds.
Begin MonoManager ReloadAssembly
Symbol file LoadedFromMemory doesn't match image D:\GameDev\Projects\Unity-GameDev-Prototyping\3D 3rd Person Movement\Library\PackageCache\com.unity.visualscripting@1.6.1\Editor\VisualScripting.Core\Dependencies\YamlDotNet\Unity.VisualScripting.YamlDotNet.dll
Symbol file LoadedFromMemory doesn't match image D:\GameDev\Projects\Unity-GameDev-Prototyping\3D 3rd Person Movement\Library\PackageCache\com.unity.visualscripting@1.6.1\Editor\VisualScripting.Core\Dependencies\DotNetZip\Unity.VisualScripting.IonicZip.dll
Native extension for WindowsStandalone target not found
Refreshing native plugins compatible for Editor in 0.84 ms, found 3 plugins.
Preloading 0 native plugins for Editor in 0.00 ms.
Mono: successfully reloaded assembly
- Completed reload, in  0.967 seconds
Domain Reload Profiling:
	ReloadAssembly (967ms)
		BeginReloadAssembly (109ms)
			ExecutionOrderSort (0ms)
			DisableScriptedObjects (7ms)
			BackupInstance (0ms)
			ReleaseScriptingObjects (0ms)
			CreateAndSetChildDomain (33ms)
		EndReloadAssembly (803ms)
			LoadAssemblies (81ms)
			RebuildTransferFunctionScriptingTraits (0ms)
			SetupTypeCache (294ms)
			ReleaseScriptCaches (1ms)
			RebuildScriptCaches (39ms)
			SetupLoadedEditorAssemblies (291ms)
				LogAssemblyErrors (0ms)
				InitializePlatformSupportModulesInManaged (4ms)
				SetLoadedEditorAssemblies (0ms)
				RefreshPlugins (1ms)
				BeforeProcessingInitializeOnLoad (54ms)
				ProcessInitializeOnLoadAttributes (220ms)
				ProcessInitializeOnLoadMethodAttributes (4ms)
				AfterProcessingInitializeOnLoad (7ms)
				EditorAssembliesLoaded (0ms)
			ExecutionOrderSort2 (0ms)
			AwakeInstancesAfterBackupRestoration (16ms)
Platform modules already initialized, skipping
Refreshing native plugins compatible for Editor in 0.86 ms, found 3 plugins.
Preloading 0 native plugins for Editor in 0.00 ms.
Unloading 3529 Unused Serialized files (Serialized files now loaded: 0)
System memory in use before: 159.0 MB.
System memory in use after: 159.2 MB.

Unloading 20 unused Assets to reduce memory usage. Loaded Objects now: 4612.
Total: 3.210500 ms (FindLiveObjects: 0.376100 ms CreateObjectMapping: 0.095700 ms MarkObjects: 2.637200 ms  DeleteObjects: 0.099700 ms)

AssetImportParameters requested are different than current active one (requested -> active):
  custom:framework-win-MediaFoundation: 216162199b28c13a410421893ffa2e32 -> 
  custom:video-decoder-ogg-theora: a1e56fd34408186e4bbccfd4996cb3dc -> 
  custom:container-muxer-webm: aa71ff27fc2769a1b78a27578f13a17b -> 
  custom:container-demuxer-webm: 4f35f7cbe854078d1ac9338744f61a02 -> 
  custom:container-demuxer-ogg: 62fdf1f143b41e24485cea50d1cbac27 -> 
  custom:video-encoder-webm-vp8: eb34c28f22e8b96e1ab97ce403110664 -> 
  custom:video-decoder-webm-vp8: 9c59270c3fd7afecdb556c50c9e8de78 -> 
  custom:audio-decoder-ogg-vorbis: bf7c407c2cedff20999df2af8eb42d56 -> 
  custom:audio-encoder-webm-vorbis: bf7c407c2cedff20999df2af8eb42d56 -> 
========================================================================
Received Prepare
Registering precompiled user dll's ...
Registered in 0.005761 seconds.
Begin MonoManager ReloadAssembly
Symbol file LoadedFromMemory doesn't match image D:\GameDev\Projects\Unity-GameDev-Prototyping\3D 3rd Person Movement\Library\PackageCache\com.unity.visualscripting@1.6.1\Editor\VisualScripting.Core\Dependencies\YamlDotNet\Unity.VisualScripting.YamlDotNet.dll
Symbol file LoadedFromMemory doesn't match image D:\GameDev\Projects\Unity-GameDev-Prototyping\3D 3rd Person Movement\Library\PackageCache\com.unity.visualscripting@1.6.1\Editor\VisualScripting.Core\Dependencies\DotNetZip\Unity.VisualScripting.IonicZip.dll
Native extension for WindowsStandalone target not found
Refreshing native plugins compatible for Editor in 0.90 ms, found 3 plugins.
Preloading 0 native plugins for Editor in 0.00 ms.
Mono: successfully reloaded assembly
- Completed reload, in  1.007 seconds
Domain Reload Profiling:
	ReloadAssembly (1008ms)
		BeginReloadAssembly (113ms)
			ExecutionOrderSort (0ms)
			DisableScriptedObjects (8ms)
			BackupInstance (0ms)
			ReleaseScriptingObjects (0ms)
			CreateAndSetChildDomain (36ms)
		EndReloadAssembly (836ms)
			LoadAssemblies (85ms)
			RebuildTransferFunctionScriptingTraits (0ms)
			SetupTypeCache (314ms)
			ReleaseScriptCaches (1ms)
			RebuildScriptCaches (42ms)
			SetupLoadedEditorAssemblies (294ms)
				LogAssemblyErrors (0ms)
				InitializePlatformSupportModulesInManaged (4ms)
				SetLoadedEditorAssemblies (0ms)
				RefreshPlugins (1ms)
				BeforeProcessingInitializeOnLoad (54ms)
				ProcessInitializeOnLoadAttributes (223ms)
				ProcessInitializeOnLoadMethodAttributes (4ms)
				AfterProcessingInitializeOnLoad (7ms)
				EditorAssembliesLoaded (0ms)
			ExecutionOrderSort2 (0ms)
			AwakeInstancesAfterBackupRestoration (14ms)
Platform modules already initialized, skipping
Refreshing native plugins compatible for Editor in 0.95 ms, found 3 plugins.
Preloading 0 native plugins for Editor in 0.00 ms.
Unloading 3529 Unused Serialized files (Serialized files now loaded: 0)
System memory in use before: 159.0 MB.
System memory in use after: 159.2 MB.

Unloading 20 unused Assets to reduce memory usage. Loaded Objects now: 4615.
Total: 3.112300 ms (FindLiveObjects: 0.459900 ms CreateObjectMapping: 0.099700 ms MarkObjects: 2.445700 ms  DeleteObjects: 0.105600 ms)

AssetImportParameters requested are different than current active one (requested -> active):
  custom:framework-win-MediaFoundation: 216162199b28c13a410421893ffa2e32 -> 
  custom:video-decoder-ogg-theora: a1e56fd34408186e4bbccfd4996cb3dc -> 
  custom:container-muxer-webm: aa71ff27fc2769a1b78a27578f13a17b -> 
  custom:container-demuxer-webm: 4f35f7cbe854078d1ac9338744f61a02 -> 
  custom:container-demuxer-ogg: 62fdf1f143b41e24485cea50d1cbac27 -> 
  custom:video-encoder-webm-vp8: eb34c28f22e8b96e1ab97ce403110664 -> 
  custom:video-decoder-webm-vp8: 9c59270c3fd7afecdb556c50c9e8de78 -> 
  custom:audio-decoder-ogg-vorbis: bf7c407c2cedff20999df2af8eb42d56 -> 
  custom:audio-encoder-webm-vorbis: bf7c407c2cedff20999df2af8eb42d56 -> 
========================================================================
Received Prepare
Registering precompiled user dll's ...
Registered in 0.005152 seconds.
Begin MonoManager ReloadAssembly
Symbol file LoadedFromMemory doesn't match image D:\GameDev\Projects\Unity-GameDev-Prototyping\3D 3rd Person Movement\Library\PackageCache\com.unity.visualscripting@1.6.1\Editor\VisualScripting.Core\Dependencies\YamlDotNet\Unity.VisualScripting.YamlDotNet.dll
Symbol file LoadedFromMemory doesn't match image D:\GameDev\Projects\Unity-GameDev-Prototyping\3D 3rd Person Movement\Library\PackageCache\com.unity.visualscripting@1.6.1\Editor\VisualScripting.Core\Dependencies\DotNetZip\Unity.VisualScripting.IonicZip.dll
Native extension for WindowsStandalone target not found
Refreshing native plugins compatible for Editor in 0.88 ms, found 3 plugins.
Preloading 0 native plugins for Editor in 0.00 ms.
Mono: successfully reloaded assembly
- Completed reload, in  0.952 seconds
Domain Reload Profiling:
	ReloadAssembly (952ms)
		BeginReloadAssembly (111ms)
			ExecutionOrderSort (0ms)
			DisableScriptedObjects (7ms)
			BackupInstance (0ms)
			ReleaseScriptingObjects (0ms)
			CreateAndSetChildDomain (33ms)
		EndReloadAssembly (786ms)
			LoadAssemblies (80ms)
			RebuildTransferFunctionScriptingTraits (0ms)
			SetupTypeCache (296ms)
			ReleaseScriptCaches (1ms)
			RebuildScriptCaches (40ms)
			SetupLoadedEditorAssemblies (275ms)
				LogAssemblyErrors (0ms)
				InitializePlatformSupportModulesInManaged (4ms)
				SetLoadedEditorAssemblies (0ms)
				RefreshPlugins (1ms)
				BeforeProcessingInitializeOnLoad (51ms)
				ProcessInitializeOnLoadAttributes (207ms)
				ProcessInitializeOnLoadMethodAttributes (4ms)
				AfterProcessingInitializeOnLoad (7ms)
				EditorAssembliesLoaded (0ms)
			ExecutionOrderSort2 (0ms)
			AwakeInstancesAfterBackupRestoration (13ms)
Platform modules already initialized, skipping
Refreshing native plugins compatible for Editor in 0.88 ms, found 3 plugins.
Preloading 0 native plugins for Editor in 0.00 ms.
Unloading 3576 Unused Serialized files (Serialized files now loaded: 0)
System memory in use before: 162.0 MB.
System memory in use after: 161.5 MB.

Unloading 33 unused Assets to reduce memory usage. Loaded Objects now: 4652.
Total: 3.392500 ms (FindLiveObjects: 0.405900 ms CreateObjectMapping: 0.104300 ms MarkObjects: 2.540700 ms  DeleteObjects: 0.340200 ms)

AssetImportParameters requested are different than current active one (requested -> active):
  custom:framework-win-MediaFoundation: 216162199b28c13a410421893ffa2e32 -> 
  custom:video-decoder-ogg-theora: a1e56fd34408186e4bbccfd4996cb3dc -> 
  custom:container-muxer-webm: aa71ff27fc2769a1b78a27578f13a17b -> 
  custom:container-demuxer-webm: 4f35f7cbe854078d1ac9338744f61a02 -> 
  custom:container-demuxer-ogg: 62fdf1f143b41e24485cea50d1cbac27 -> 
  custom:video-encoder-webm-vp8: eb34c28f22e8b96e1ab97ce403110664 -> 
  custom:video-decoder-webm-vp8: 9c59270c3fd7afecdb556c50c9e8de78 -> 
  custom:audio-decoder-ogg-vorbis: bf7c407c2cedff20999df2af8eb42d56 -> 
  custom:audio-encoder-webm-vorbis: bf7c407c2cedff20999df2af8eb42d56 -> 
========================================================================
Received Prepare
Registering precompiled user dll's ...
Registered in 0.005510 seconds.
Begin MonoManager ReloadAssembly
Symbol file LoadedFromMemory doesn't match image D:\GameDev\Projects\Unity-GameDev-Prototyping\3D 3rd Person Movement\Library\PackageCache\com.unity.visualscripting@1.6.1\Editor\VisualScripting.Core\Dependencies\YamlDotNet\Unity.VisualScripting.YamlDotNet.dll
Symbol file LoadedFromMemory doesn't match image D:\GameDev\Projects\Unity-GameDev-Prototyping\3D 3rd Person Movement\Library\PackageCache\com.unity.visualscripting@1.6.1\Editor\VisualScripting.Core\Dependencies\DotNetZip\Unity.VisualScripting.IonicZip.dll
Native extension for WindowsStandalone target not found
Refreshing native plugins compatible for Editor in 0.85 ms, found 3 plugins.
Preloading 0 native plugins for Editor in 0.00 ms.
Mono: successfully reloaded assembly
- Completed reload, in  0.936 seconds
Domain Reload Profiling:
	ReloadAssembly (937ms)
		BeginReloadAssembly (102ms)
			ExecutionOrderSort (0ms)
			DisableScriptedObjects (7ms)
			BackupInstance (0ms)
			ReleaseScriptingObjects (0ms)
			CreateAndSetChildDomain (31ms)
		EndReloadAssembly (781ms)
			LoadAssemblies (75ms)
			RebuildTransferFunctionScriptingTraits (0ms)
			SetupTypeCache (295ms)
			ReleaseScriptCaches (1ms)
			RebuildScriptCaches (39ms)
			SetupLoadedEditorAssemblies (274ms)
				LogAssemblyErrors (0ms)
				InitializePlatformSupportModulesInManaged (4ms)
				SetLoadedEditorAssemblies (0ms)
				RefreshPlugins (1ms)
				BeforeProcessingInitializeOnLoad (49ms)
				ProcessInitializeOnLoadAttributes (209ms)
				ProcessInitializeOnLoadMethodAttributes (4ms)
				AfterProcessingInitializeOnLoad (7ms)
				EditorAssembliesLoaded (0ms)
			ExecutionOrderSort2 (0ms)
			AwakeInstancesAfterBackupRestoration (14ms)
Platform modules already initialized, skipping
Refreshing native plugins compatible for Editor in 0.90 ms, found 3 plugins.
Preloading 0 native plugins for Editor in 0.00 ms.
Unloading 3576 Unused Serialized files (Serialized files now loaded: 0)
System memory in use before: 162.0 MB.
System memory in use after: 161.5 MB.

Unloading 33 unused Assets to reduce memory usage. Loaded Objects now: 4655.
Total: 3.030600 ms (FindLiveObjects: 0.431300 ms CreateObjectMapping: 0.095600 ms MarkObjects: 2.173600 ms  DeleteObjects: 0.329000 ms)

AssetImportParameters requested are different than current active one (requested -> active):
  custom:framework-win-MediaFoundation: 216162199b28c13a410421893ffa2e32 -> 
  custom:video-decoder-ogg-theora: a1e56fd34408186e4bbccfd4996cb3dc -> 
  custom:container-muxer-webm: aa71ff27fc2769a1b78a27578f13a17b -> 
  custom:container-demuxer-webm: 4f35f7cbe854078d1ac9338744f61a02 -> 
  custom:container-demuxer-ogg: 62fdf1f143b41e24485cea50d1cbac27 -> 
  custom:video-encoder-webm-vp8: eb34c28f22e8b96e1ab97ce403110664 -> 
  custom:video-decoder-webm-vp8: 9c59270c3fd7afecdb556c50c9e8de78 -> 
  custom:audio-decoder-ogg-vorbis: bf7c407c2cedff20999df2af8eb42d56 -> 
  custom:audio-encoder-webm-vorbis: bf7c407c2cedff20999df2af8eb42d56 -> 
========================================================================
Received Prepare
Registering precompiled user dll's ...
Registered in 0.005652 seconds.
Begin MonoManager ReloadAssembly
Symbol file LoadedFromMemory doesn't match image D:\GameDev\Projects\Unity-GameDev-Prototyping\3D 3rd Person Movement\Library\PackageCache\com.unity.visualscripting@1.6.1\Editor\VisualScripting.Core\Dependencies\YamlDotNet\Unity.VisualScripting.YamlDotNet.dll
Symbol file LoadedFromMemory doesn't match image D:\GameDev\Projects\Unity-GameDev-Prototyping\3D 3rd Person Movement\Library\PackageCache\com.unity.visualscripting@1.6.1\Editor\VisualScripting.Core\Dependencies\DotNetZip\Unity.VisualScripting.IonicZip.dll
Native extension for WindowsStandalone target not found
Refreshing native plugins compatible for Editor in 0.91 ms, found 3 plugins.
Preloading 0 native plugins for Editor in 0.00 ms.
Mono: successfully reloaded assembly
- Completed reload, in  1.002 seconds
Domain Reload Profiling:
	ReloadAssembly (1002ms)
		BeginReloadAssembly (109ms)
			ExecutionOrderSort (0ms)
			DisableScriptedObjects (8ms)
			BackupInstance (0ms)
			ReleaseScriptingObjects (0ms)
			CreateAndSetChildDomain (34ms)
		EndReloadAssembly (834ms)
			LoadAssemblies (82ms)
			RebuildTransferFunctionScriptingTraits (0ms)
			SetupTypeCache (314ms)
			ReleaseScriptCaches (2ms)
			RebuildScriptCaches (40ms)
			SetupLoadedEditorAssemblies (298ms)
				LogAssemblyErrors (0ms)
				InitializePlatformSupportModulesInManaged (5ms)
				SetLoadedEditorAssemblies (0ms)
				RefreshPlugins (1ms)
				BeforeProcessingInitializeOnLoad (55ms)
				ProcessInitializeOnLoadAttributes (226ms)
				ProcessInitializeOnLoadMethodAttributes (4ms)
				AfterProcessingInitializeOnLoad (7ms)
				EditorAssembliesLoaded (0ms)
			ExecutionOrderSort2 (0ms)
			AwakeInstancesAfterBackupRestoration (16ms)
Platform modules already initialized, skipping
Refreshing native plugins compatible for Editor in 0.94 ms, found 3 plugins.
Preloading 0 native plugins for Editor in 0.00 ms.
Unloading 3576 Unused Serialized files (Serialized files now loaded: 0)
System memory in use before: 162.1 MB.
System memory in use after: 161.6 MB.

Unloading 33 unused Assets to reduce memory usage. Loaded Objects now: 4658.
Total: 3.366200 ms (FindLiveObjects: 0.467500 ms CreateObjectMapping: 0.112800 ms MarkObjects: 2.435000 ms  DeleteObjects: 0.349500 ms)

AssetImportParameters requested are different than current active one (requested -> active):
  custom:framework-win-MediaFoundation: 216162199b28c13a410421893ffa2e32 -> 
  custom:video-decoder-ogg-theora: a1e56fd34408186e4bbccfd4996cb3dc -> 
  custom:container-muxer-webm: aa71ff27fc2769a1b78a27578f13a17b -> 
  custom:container-demuxer-webm: 4f35f7cbe854078d1ac9338744f61a02 -> 
  custom:container-demuxer-ogg: 62fdf1f143b41e24485cea50d1cbac27 -> 
  custom:video-encoder-webm-vp8: eb34c28f22e8b96e1ab97ce403110664 -> 
  custom:video-decoder-webm-vp8: 9c59270c3fd7afecdb556c50c9e8de78 -> 
  custom:audio-decoder-ogg-vorbis: bf7c407c2cedff20999df2af8eb42d56 -> 
  custom:audio-encoder-webm-vorbis: bf7c407c2cedff20999df2af8eb42d56 -> 
========================================================================
Received Prepare
Registering precompiled user dll's ...
Registered in 0.005175 seconds.
Begin MonoManager ReloadAssembly
Symbol file LoadedFromMemory doesn't match image D:\GameDev\Projects\Unity-GameDev-Prototyping\3D 3rd Person Movement\Library\PackageCache\com.unity.visualscripting@1.6.1\Editor\VisualScripting.Core\Dependencies\YamlDotNet\Unity.VisualScripting.YamlDotNet.dll
Symbol file LoadedFromMemory doesn't match image D:\GameDev\Projects\Unity-GameDev-Prototyping\3D 3rd Person Movement\Library\PackageCache\com.unity.visualscripting@1.6.1\Editor\VisualScripting.Core\Dependencies\DotNetZip\Unity.VisualScripting.IonicZip.dll
Native extension for WindowsStandalone target not found
Refreshing native plugins compatible for Editor in 0.88 ms, found 3 plugins.
Preloading 0 native plugins for Editor in 0.00 ms.
Mono: successfully reloaded assembly
- Completed reload, in  0.942 seconds
Domain Reload Profiling:
	ReloadAssembly (942ms)
		BeginReloadAssembly (108ms)
			ExecutionOrderSort (0ms)
			DisableScriptedObjects (7ms)
			BackupInstance (0ms)
			ReleaseScriptingObjects (0ms)
			CreateAndSetChildDomain (31ms)
		EndReloadAssembly (780ms)
			LoadAssemblies (78ms)
			RebuildTransferFunctionScriptingTraits (0ms)
			SetupTypeCache (290ms)
			ReleaseScriptCaches (1ms)
			RebuildScriptCaches (40ms)
			SetupLoadedEditorAssemblies (276ms)
				LogAssemblyErrors (0ms)
				InitializePlatformSupportModulesInManaged (4ms)
				SetLoadedEditorAssemblies (0ms)
				RefreshPlugins (1ms)
				BeforeProcessingInitializeOnLoad (52ms)
				ProcessInitializeOnLoadAttributes (208ms)
				ProcessInitializeOnLoadMethodAttributes (4ms)
				AfterProcessingInitializeOnLoad (7ms)
				EditorAssembliesLoaded (0ms)
			ExecutionOrderSort2 (0ms)
			AwakeInstancesAfterBackupRestoration (13ms)
Platform modules already initialized, skipping
Refreshing native plugins compatible for Editor in 0.86 ms, found 3 plugins.
Preloading 0 native plugins for Editor in 0.00 ms.
Unloading 3576 Unused Serialized files (Serialized files now loaded: 0)
System memory in use before: 162.1 MB.
System memory in use after: 161.6 MB.

Unloading 33 unused Assets to reduce memory usage. Loaded Objects now: 4661.
Total: 3.260700 ms (FindLiveObjects: 0.377300 ms CreateObjectMapping: 0.095300 ms MarkObjects: 2.437100 ms  DeleteObjects: 0.349400 ms)

AssetImportParameters requested are different than current active one (requested -> active):
  custom:framework-win-MediaFoundation: 216162199b28c13a410421893ffa2e32 -> 
  custom:video-decoder-ogg-theora: a1e56fd34408186e4bbccfd4996cb3dc -> 
  custom:container-muxer-webm: aa71ff27fc2769a1b78a27578f13a17b -> 
  custom:container-demuxer-webm: 4f35f7cbe854078d1ac9338744f61a02 -> 
  custom:container-demuxer-ogg: 62fdf1f143b41e24485cea50d1cbac27 -> 
  custom:video-encoder-webm-vp8: eb34c28f22e8b96e1ab97ce403110664 -> 
  custom:video-decoder-webm-vp8: 9c59270c3fd7afecdb556c50c9e8de78 -> 
  custom:audio-decoder-ogg-vorbis: bf7c407c2cedff20999df2af8eb42d56 -> 
  custom:audio-encoder-webm-vorbis: bf7c407c2cedff20999df2af8eb42d56 -> 
